<?xml version="1.0" encoding="UTF-8"?>
<!-- Generated by org.testng.reporters.JUnitReportReporter -->
<testsuite hostname="dminh05" failures="0" tests="4" name="com.poly.Lab8.CalculatorTest" time="0.033" errors="0" timestamp="2025-02-28T20:28:15 ICT" skipped="0">
  <testcase classname="com.poly.Lab8.CalculatorTest" name="testdivide" time="0.002"/>
  <system-out/>
  <testcase classname="com.poly.Lab8.CalculatorTest" name="testmultiply" time="0.001"/>
  <system-out/>
  <testcase classname="com.poly.Lab8.CalculatorTest" name="testsubtract" time="0.000"/>
  <system-out/>
  <testcase classname="com.poly.Lab8.CalculatorTest" name="testadd" time="0.030"/>
  <system-out/>
</testsuite> <!-- com.poly.Lab8.CalculatorTest -->
